Momentum MomEngine 9.20.456 (*) 372.600 Nov 12 2011
Copyright 1992-2011, Agilent Technologies
Simulation started on: Mon Apr 25 20:35:24 2016
Simulation Mode: uW
Substrate valid
Automatically determined a snap distance of
0.0021 mil for layout healing.
Layout simplification started
.........|.........|.........|.........| 
Layout simplification finished
Generating mesh at 5 GHz...
Maximum number of threads allowed by license: 16
S-parameter simulation
S-parameter simulation started
...initializing
...analyzing ports
...extracting layout
...expanding thick conductors

--- WARNING -------------------------------------------------------------------

The 2D port solver data is not available for 
thick conductor feedlines, using default values (50 Ohm) 
for the transmission line parameters.

-------------------------------------------------------------------------------
...reducing mesh
Automatic selection: direct dense matrix solver
Using multi-threading (2 threads)
Matrix size: 590 (reduced: 525)
Adaptive frequency sweep started
Simulation frequency [1] = 0 Hz
...loading Green functions
...allocating interaction matrix
...loading interaction matrix
.........|.........|.........|.........| 
...solving interaction matrix
.........|.........|.........|.........| 
...calibrating ports
...calculating S-parameters
Simulation frequency [2] = 5 GHz
...loading Green functions
...loading interaction matrix
.........|.........|.........|.........| 
...solving interaction matrix
.........|.........|.........|.........| 
...calibrating ports
...calculating S-parameters
Adaptive:   0.0 % of frequency range covered
Simulation frequency [3] = 3.33333 GHz
...loading Green functions
...loading interaction matrix
.........|.........|.........|.........| 
...solving interaction matrix
.........|.........|.........|.........| 
...calibrating ports
...calculating S-parameters
Simulation frequency [4] = 1.66667 GHz
...loading Green functions
...loading interaction matrix
.........|.........|.........|.........| 
...solving interaction matrix
.........|.........|.........|.........| 
...calibrating ports
...calculating S-parameters
Simulation frequency [5] = 4.16667 GHz
...loading Green functions
...loading interaction matrix
.........|.........|.........|.........| 
...solving interaction matrix
.........|.........|.........|.........| 
...calibrating ports
...calculating S-parameters
Simulation frequency [6] = 3.75 GHz
...loading Green functions
...loading interaction matrix
.........|.........|.........|.........| 
...solving interaction matrix
.........|.........|.........|.........| 
...calibrating ports
...calculating S-parameters
Simulation frequency [7] = 4.58333 GHz
...loading Green functions
...loading interaction matrix
.........|.........|.........|.........| 
...solving interaction matrix
.........|.........|.........|.........| 
...calibrating ports
...calculating S-parameters
Simulation frequency [8] = 2.5 GHz
...loading Green functions
...loading interaction matrix
.........|.........|.........|.........| 
...solving interaction matrix
.........|.........|.........|.........| 
...calibrating ports
...calculating S-parameters
Simulation frequency [9] = 833.333 MHz
...loading Green functions
...loading interaction matrix
.........|.........|.........|.........| 
...solving interaction matrix
.........|.........|.........|.........| 
...calibrating ports
...calculating S-parameters
Simulation frequency [10] = 416.667 MHz
...loading Green functions
...loading interaction matrix
.........|.........|.........|.........| 
...solving interaction matrix
.........|.........|.........|.........| 
...calibrating ports
...calculating S-parameters
Simulation frequency [11] = 2.08333 GHz
...loading Green functions
...loading interaction matrix
.........|.........|.........|.........| 
...solving interaction matrix
.........|.........|.........|.........| 
...calibrating ports
...calculating S-parameters
Simulation frequency [12] = 1.38889 GHz
...loading Green functions
...loading interaction matrix
.........|.........|.........|.........| 
...solving interaction matrix
.........|.........|.........|.........| 
...calibrating ports
...calculating S-parameters
Simulation frequency [13] = 2.77778 GHz
...loading Green functions
...loading interaction matrix
.........|.........|.........|.........| 
...solving interaction matrix
.........|.........|.........|.........| 
...calibrating ports
...calculating S-parameters
Simulation frequency [14] = 69.4444 MHz
...loading Green functions
...loading interaction matrix
.........|.........|.........|.........| 
...solving interaction matrix
.........|.........|.........|.........| 
...calibrating ports
...calculating S-parameters
Simulation frequency [15] = 1.11111 GHz
...loading Green functions
...loading interaction matrix
.........|.........|.........|.........| 
...solving interaction matrix
.........|.........|.........|.........| 
...calibrating ports
...calculating S-parameters
Adaptive: 100.0 % of frequency range covered
S-parameter simulation finished
Simulation finished on: Mon Apr 25 20:36:59 2016
